2018-09-30 13:33:54.166401
====================
Calling QE... Done.
Resultant Positions and Forces:
Al: 0.12105298  -0.03012491  0.09341916  	 0.49154475  -0.11187003  -0.84789467  
Al: 0.10727230  1.89152717  1.64733896  	 -0.23397229  0.24156631  1.45642081  
Al: 2.34050347  0.11089896  1.90215973  	 -0.85713059  -0.78466864  0.07528631  
Al: 2.23605308  1.88401190  -0.01741933  	 -0.18597646  0.35153552  -0.76828736  
Al: -0.01221431  0.08871370  4.04033152  	 1.10825472  0.02747456  -0.45898403  
Al: -0.03558453  2.05506448  5.68807063  	 0.61807496  -0.20582281  0.82912946  
Al: 2.18438606  0.09718914  5.90218643  	 -0.55169394  -0.01622341  0.03621118  
Al: 2.21878232  1.96073507  3.87139815  	 -1.34555633  0.29409988  0.43557567  
Al: -0.01344107  3.77802034  -0.08552455  	 -0.34371577  0.27354647  -0.66567922  
Al: 0.16031481  5.99134710  1.91598322  	 -0.38260320  0.72618681  0.35188494  
Al: 1.63626197  4.03788071  1.76577817  	 1.79988640  -0.50852149  0.56987499  
Al: 2.35069838  6.22563220  -0.10513663  	 -0.79865570  0.19834347  0.42066069  
Al: 0.07116938  4.04883766  3.95949283  	 -0.30108197  0.09663778  -0.03041616  
Al: 0.11456540  6.03995359  6.07272645  	 0.37948265  -0.12416428  -0.58928579  
Al: 1.98554759  4.05644438  6.08141246  	 0.40125245  -0.36365828  -0.26067192  
Al: 2.04346354  5.86407877  3.95388434  	 -0.20478280  0.86303924  -0.17324846  
Al: 3.91589361  2.12675958  1.94477763  	 1.08169701  0.12595172  -0.39772233  
Al: 6.10573510  0.00327481  1.96949122  	 -0.18321946  0.28884994  -0.25933778  
Al: 5.79981839  1.72169042  -0.09807599  	 0.32724861  1.41337486  1.32661500  
Al: 3.99584045  0.05739798  3.92643064  	 0.52134385  -0.02763423  0.11121080  
Al: 4.15351978  2.00719510  5.93899827  	 -0.45147280  0.31330114  -0.48536022  
Al: 6.07336670  -0.00504964  6.22772990  	 -0.13785387  -0.50566551  -1.29613945  
Al: 6.07426736  2.06061435  3.73327513  	 -0.32987268  0.09825295  0.29740992  
Al: 3.95360363  4.26540483  0.17639965  	 0.43488173  -1.17936426  -0.82821003  
Al: 4.22917601  6.11118043  1.86387893  	 -0.20267501  0.21785558  0.68615575  
Al: 6.10454781  4.06052631  1.92980303  	 -0.19529054  -0.12794278  0.21347982  
Al: 6.26482417  5.96171764  -0.04104312  	 -0.94380945  -0.29824296  0.29013010  
Al: 3.80025402  3.99980134  3.76738075  	 0.97008537  0.35319260  0.40389246  
Al: 4.01678524  6.06959144  5.86070882  	 0.60933681  -0.41819114  0.00864405  
Al: 6.09360059  3.91434234  6.00991194  	 -0.77309276  0.61237251  -0.42648038  
Al: 6.07831577  6.41253280  4.06432166  	 -0.32063393  -1.82361101  -0.02486335  
Updating database hyperparameters...
New GP Hyperparameters:
Signal std: 	1.2586024844604675
Length scale: 		0.6250789964116175
Noise std: 	0.033442792616500225
-------------------- 
- Frame 0 Sim. Time 0.0
El 			 Position 					 Force 							 Std. Dev 
Al 0.12105298 -0.03012491 0.09341916 	0.50922066 -0.14803131 -0.85431368 	8.767684e-03 1.317742e-02 9.253084e-03 
Al 0.10727230 1.89152717 1.64733896 	-0.23266093 0.24421285 1.44859805 	1.033129e-02 9.541119e-03 1.097541e-02 
Al 2.34050347 0.11089896 1.90215973 	-0.90215328 -0.84396022 0.05591777 	1.110466e-02 1.037084e-02 1.329247e-02 
Al 2.23605308 1.88401190 -0.01741933 	-0.21846983 0.39011770 -0.76752630 	1.211697e-02 1.417061e-02 9.984261e-03 
Al -0.01221431 0.08871370 4.04033152 	1.14289310 0.05188270 -0.46659697 	1.059536e-02 6.822929e-03 8.072343e-03 
Al -0.03558453 2.05506448 5.68807063 	0.62417761 -0.23361636 0.86971320 	9.641454e-03 1.285559e-02 1.083859e-02 
Al 2.18438606 0.09718914 5.90218643 	-0.57270071 0.04199956 0.00697660 	1.057173e-02 6.787218e-03 1.127777e-02 
Al 2.21878232 1.96073507 3.87139815 	-1.30621733 0.26543597 0.46251163 	1.210796e-02 9.918143e-03 1.083557e-02 
Al -0.01344107 3.77802034 -0.08552455 	-0.32064930 0.25051586 -0.66034764 	9.498731e-03 1.303076e-02 1.287932e-02 
Al 0.16031481 5.99134710 1.91598322 	-0.36737660 0.79127490 0.40597805 	1.281200e-02 1.202036e-02 1.085390e-02 
Al 1.63626197 4.03788071 1.76577817 	1.78023632 -0.50374521 0.58610820 	1.510766e-02 1.197651e-02 1.032431e-02 
Al 2.35069838 6.22563220 -0.10513663 	-0.79393052 0.22220106 0.38389506 	1.434692e-02 1.428310e-02 8.745673e-03 
Al 0.07116938 4.04883766 3.95949283 	-0.27243382 0.09865911 -0.05544886 	1.032572e-02 7.678605e-03 7.248002e-03 
Al 0.11456540 6.03995359 6.07272645 	0.34525160 -0.09073844 -0.56336055 	8.498722e-03 6.401630e-03 1.313842e-02 
Al 1.98554759 4.05644438 6.08141246 	0.43783959 -0.34918345 -0.25083370 	1.143551e-02 7.053784e-03 1.254616e-02 
Al 2.04346354 5.86407877 3.95388434 	-0.22046538 0.83499831 -0.17526263 	1.311308e-02 1.342029e-02 1.197588e-02 
Al 3.91589361 2.12675958 1.94477763 	1.11098511 0.17729617 -0.37592018 	1.233896e-02 8.528887e-03 1.208904e-02 
Al 6.10573510 0.00327481 1.96949122 	-0.20571394 0.28748692 -0.26985376 	1.145115e-02 5.528510e-03 1.133995e-02 
Al 5.79981839 1.72169042 -0.09807599 	0.26405787 1.36346042 1.31587537 	1.692924e-02 1.789842e-02 1.882493e-02 
Al 3.99584045 0.05739798 3.92643064 	0.51411396 -0.04347680 0.10683687 	1.022342e-02 7.697099e-03 5.798755e-03 
Al 4.15351978 2.00719510 5.93899827 	-0.49616713 0.36161720 -0.43968916 	1.284788e-02 8.935950e-03 1.498909e-02 
Al 6.07336670 -0.00504964 6.22772990 	-0.18695787 -0.48709570 -1.29167792 	1.178773e-02 1.593650e-02 1.515938e-02 
Al 6.07426736 2.06061435 3.73327513 	-0.37474816 0.11738515 0.26514795 	9.818047e-03 1.327349e-02 1.137366e-02 
Al 3.95360363 4.26540483 0.17639965 	0.46050674 -1.23465534 -0.83700576 	9.110544e-03 1.174485e-02 1.139873e-02 
Al 4.22917601 6.11118043 1.86387893 	-0.18145690 0.20339340 0.71442895 	8.982412e-03 1.333058e-02 8.847125e-03 
Al 6.10454781 4.06052631 1.92980303 	-0.15637056 -0.12137267 0.16882618 	1.450688e-02 5.839648e-03 8.037495e-03 
Al 6.26482417 5.96171764 -0.04104312 	-0.86409129 -0.32077529 0.25888727 	1.728228e-02 1.240621e-02 1.057266e-02 
Al 3.80025402 3.99980134 3.76738075 	0.94844079 0.35205593 0.43132023 	1.227289e-02 8.918837e-03 9.589567e-03 
Al 4.01678524 6.06959144 5.86070882 	0.59615354 -0.46031405 -0.01292106 	1.128354e-02 9.349168e-03 1.162361e-02 
Al 6.09360059 3.91434234 6.00991194 	-0.76498486 0.55766851 -0.41088320 	1.231360e-02 5.842739e-03 1.062020e-02 
Al 6.07831577 6.41253280 4.06432166 	-0.29632849 -1.77469687 -0.04938004 	1.470919e-02 1.368363e-02 9.337404e-03 
-------------------- 
- Frame 1 Sim. Time 0.001
El 			 Position 					 Force 							 Std. Dev 
Al -5.83201171 -6.47452081 -3.87939093 	-6.44636758 3.73579762 -5.02434233 	5.056541e+00 3.484238e+00 4.443495e+00 
Al -5.85983836 -2.63107638 -0.77072780 	-0.73778919 9.50941190 13.94306165 	7.823713e-01 6.200240e+00 8.460236e+00 
Al -1.39361545 -6.19272191 -0.26158428 	-9.92120957 -3.52349197 6.12489313 	7.494390e+00 2.572528e+00 3.563871e+00 
Al -1.60227174 -2.64605474 -4.10103688 	-4.94786298 6.73710989 -3.41918323 	2.808889e+00 4.102930e+00 3.240938e+00 
Al -6.09831970 -6.23677208 4.01457243 	0.30926379 -2.51605867 -3.60087197 	2.807572e+00 2.033005e+00 3.526637e+00 
Al -6.14524563 -2.30417263 7.31052851 	7.90718820 -0.42008553 10.19158288 	6.058945e+00 6.002465e-01 7.590178e+00 
Al -1.70573244 -6.21982474 7.73845160 	-5.04398584 -2.95459777 4.16108043 	2.607446e+00 3.637239e+00 4.211065e+00 
Al -1.63720223 -2.49265298 3.67703794 	-4.02350523 3.14468370 1.92825683 	2.305619e+00 1.829432e+00 2.188311e+00 
Al -6.10129657 1.14191223 -4.23720898 	0.60701734 11.79712020 3.67134936 	6.994734e-01 7.997151e+00 2.141291e+00 
Al -5.75380152 5.56875911 -0.23381213 	-3.92273062 1.84961746 -2.32352474 	3.854445e+00 3.254659e+00 2.600416e+00 
Al -2.80113923 1.66136324 -0.53415782 	12.96255062 -0.59741343 6.89146718 	9.029964e+00 3.473334e-01 4.560178e+00 
Al -1.37318693 6.03712581 -4.27605972 	-7.59199627 -8.66547561 2.10606819 	4.880455e+00 5.658170e+00 1.190124e+00 
Al -5.93205843 1.68349256 3.85304208 	-4.01874034 -1.45873478 0.55404381 	4.085833e+00 1.932847e+00 1.627191e+00 
Al -5.84504551 5.66565669 8.07932770 	-1.28669828 -0.71737472 -12.60354851 	8.364676e-01 3.417825e-01 9.355067e+00 
Al -2.10304802 1.69854585 8.09681148 	5.57217653 -1.82031211 -6.87519621 	6.873715e+00 2.659072e+00 4.393383e+00 
Al -1.98745152 5.31423809 3.84178225 	5.51515325 6.50554144 -2.91842484 	4.449666e+00 3.080840e+00 2.856357e+00 
Al 1.75788473 -2.16063548 -0.17650292 	9.36398381 -4.75155897 -4.07854294 	8.384055e+00 3.843225e+00 2.768578e+00 
Al 6.13709686 -6.40756562 -0.12703780 	-2.18821215 2.32885651 1.26566250 	1.756459e+00 3.162292e+00 2.350253e+00 
Al 5.52543143 -2.97034964 -4.26160516 	10.41171491 4.98739898 -0.20927929 	6.345776e+00 4.666288e+00 3.538435e-01 
Al 1.91756498 -6.29943764 3.78697573 	-1.04101027 -0.67270038 2.44748767 	1.559319e+00 1.216518e+00 3.695395e+00 
Al 2.23256236 -2.39969852 7.81191557 	-4.95885722 2.24237491 -5.30250863 	4.689694e+00 3.778894e+00 4.142146e+00 
Al 6.07236677 -6.42449150 8.38907416 	1.92896238 2.65338200 -12.89688975 	1.458810e+00 1.600699e+00 8.814225e+00 
Al 6.07410094 -2.29294737 3.40072132 	3.06542699 -2.53959809 10.33260725 	3.540985e+00 2.896883e+00 6.784294e+00 
Al 1.83307216 2.11615010 -3.71342375 	1.32864927 -11.70510203 -8.72081856 	1.412412e+00 6.653641e+00 4.811300e+00 
Al 2.38398736 5.80821554 -0.33791042 	-9.52629400 -5.09915453 0.61332157 	8.290369e+00 4.936240e+00 2.442859e+00 
Al 6.13473994 1.70679118 -0.20625732 	-2.29250230 -2.12591830 3.50312092 	3.387756e+00 2.904668e+00 4.390531e+00 
Al 6.45503957 5.50910253 -4.14791740 	-7.45590135 2.42251710 -1.73163458 	4.475878e+00 2.435253e+00 2.236508e+00 
Al 1.52654743 1.58551052 3.46899199 	9.24998592 0.83922214 10.66628276 	6.041030e+00 7.010479e-01 6.362791e+00 
Al 1.95948388 5.72480023 7.65548927 	3.15739723 -2.59906614 -0.43939391 	3.730903e+00 2.654420e+00 1.458614e+00 
Al 6.11262786 1.41466606 7.95375321 	-1.01392118 6.02909093 -2.16455754 	1.478777e+00 6.956098e+00 1.351024e+00 
Al 6.08222581 6.41021294 4.06270191 	5.03811414 -12.61548176 -6.09156911 	2.177398e+00 8.228538e+00 3.399241e+00 
====================
Calling QE... Done.
Resultant Positions and Forces:
Al: -5.83201171  -6.47452081  -3.87939093  	 1681.82206947  -1603.59579019  1735.73109462  
Al: -5.85983836  -2.63107638  -0.77072780  	 266.62328756  -926.88945422  -991.94703884  
Al: -1.39361545  -6.19272191  -0.26158428  	 2453.23908270  535.00520429  -566.42494382  
Al: -1.60227174  -2.64605474  -4.10103688  	 183.56636222  -3743.72753174  2360.11278420  
Al: -6.09831970  -6.23677208  4.01457243  	 -2610.43702650  1229.63772123  3367.69673901  
Al: -6.14524563  -2.30417263  7.31052851  	 -1131.25282357  140.40401985  -1516.96170826  
Al: -1.70573244  -6.21982474  7.73845160  	 9028.77237493  4442.52835333  -2273.83536715  
Al: -1.63720223  -2.49265298  3.67703794  	 -1769.21251579  350.36714871  -3760.66794514  
Al: -6.10129657  1.14191223  -4.23720898  	 -142.50510263  -1276.69906385  -319.98185110  
Al: -5.75380152  5.56875911  -0.23381213  	 -3268.33280597  -97.24057909  -13050.28768016  
Al: -2.80113923  1.66136324  -0.53415782  	 -209.79925902  1.12507077  -110.28007704  
Al: -1.37318693  6.03712581  -4.27605972  	 511.36615117  710.43663053  -117.69376581  
Al: -5.93205843  1.68349256  3.85304208  	 8079.57450740  2148.27962535  1675.44307586  
Al: -5.84504551  5.66565669  8.07932770  	 -265.16963994  365.62607815  2983.90661959  
Al: -2.10304802  1.69854585  8.09681148  	 -1878.76144764  947.01726306  887.11401958  
Al: -1.98745152  5.31423809  3.84178225  	 -1507.73887480  -438.77494423  573.30686471  
Al: 1.75788473  -2.16063548  -0.17650292  	 -2977.54203136  1230.48893159  1289.82450815  
Al: 6.13709686  -6.40756562  -0.12703780  	 -372.95092010  -3083.98447502  -444.07105170  
Al: 5.52543143  -2.97034964  -4.26160516  	 -475.84654748  -333.39486930  -62.64409004  
Al: 1.91756498  -6.29943764  3.78697573  	 -5956.52651086  -1561.26948121  -6333.72401879  
Al: 2.23256236  -2.39969852  7.81191557  	 5750.80582520  -3479.12394715  13648.73030106  
Al: 6.07236677  -6.42449150  8.38907416  	 196.79989575  -288.45625355  1784.37518822  
Al: 6.07410094  -2.29294737  3.40072132  	 -680.92155968  592.07664197  -1175.06821821  
Al: 1.83307216  2.11615010  -3.71342375  	 -199.45707087  1015.48776728  689.04010487  
Al: 2.38398736  5.80821554  -0.33791042  	 2269.61677658  1946.97870400  -1081.26113501  
Al: 6.13473994  1.70679118  -0.20625732  	 -8758.76738406  2164.67141729  -2011.38872927  
Al: 6.45503957  5.50910253  -4.14791740  	 3894.19731826  2574.45690203  2001.37901447  
Al: 1.52654743  1.58551052  3.46899199  	 -852.42718577  48.27660746  -814.14452015  
Al: 1.95948388  5.72480023  7.65548927  	 -644.70307816  819.72911607  -1282.10621397  
Al: 6.11262786  1.41466606  7.95375321  	 -458.55091622  -4717.93831633  2734.44234869  
Al: 6.08222581  6.41021294  4.06270191  	 -155.48095084  288.50150318  181.38569090  
Updating database hyperparameters...
