cwd:  /home/sbatzner/otf/datasets/Al_vac
/home/homesoftware/espresso-6.1/qe-6.1/pseudo/
mpirun -np 16 /home/homesoftware/espresso-6.1/qe-6.1/bin/pw.x
/home/sbatzner/otf/datasets/Al_vac
[ 0.11312461 -0.03348162  0.09269846]
[0.10777917 1.88519778 1.63914645]
[2.33503213 0.11118156 1.90615848]
[ 2.23909426  1.88595733 -0.01351987]
[-0.01924582  0.09329654  4.03569187]
[-0.03030183  2.05376452  5.68746609]
[2.18113925 0.10090032 5.89537824]
[2.21796828 1.9643892  3.87744502]
[-0.00751593  3.77357738 -0.09506161]
[0.16352188 5.99271237 1.91290916]
[1.63364142 4.03088444 1.77129491]
[ 2.35522185  6.2247689  -0.10182007]
[0.08276702 4.05246602 3.96828508]
[0.1147875  6.04062862 6.07844535]
[1.98114149 4.0563897  6.08802517]
[2.0465704  5.86571009 3.9524892 ]
[3.92042273 2.11919888 1.95360252]
[6.09629172 0.01027318 1.97367697]
[ 5.79920758  1.71826009 -0.10300722]
[3.9987106  0.05809732 3.9231785 ]
[4.15149107 2.00461224 5.93453284]
[ 6.07705886 -0.0079915   6.23354212]
[6.07190358 2.06439082 3.73040377]
[3.94641339 4.26136249 0.17288307]
[4.2179841  6.12166462 1.86669711]
[6.1071126  4.05949039 1.92758575]
[ 6.2679523   5.95964012 -0.04187092]
[3.80821935 3.99927246 3.76289496]
[4.02188987 6.0794299  5.8602555 ]
[6.09469679 3.90692781 6.00475938]
[6.07429977 6.41421804 4.06592375]
